# JRE version: 7.0_21-b02
# Java VM: OpenJDK 64-Bit Server VM (23.7-b01 mixed mode linux-amd64 compressed oops)
Heap
 PSYoungGen      total 661120K, used 351450K [0x00000007d6e00000, 0x0000000800000000, 0x0000000800000000)
  eden space 649344K, 52% used [0x00000007d6e00000,0x00000007ebbb6a78,0x00000007fe820000)
  from space 11776K, 82% used [0x00000007ff480000,0x00000007ffe00000,0x0000000800000000)
  to   space 12224K, 0% used [0x00000007fe820000,0x00000007fe820000,0x00000007ff410000)
 ParOldGen       total 84224K, used 14795K [0x0000000784a00000, 0x0000000789c40000, 0x00000007d6e00000)
  object space 84224K, 17% used [0x0000000784a00000,0x0000000785872db0,0x0000000789c40000)
 PSPermGen       total 32960K, used 32903K [0x000000077a400000, 0x000000077c430000, 0x0000000784a00000)
  object space 32960K, 99% used [0x000000077a400000,0x000000077c421ed8,0x000000077c430000)
GC Heap History (10 events):
Event: 3.115 GC heap before
{Heap before GC invocations=6 (full 0):
 PSYoungGen      total 131456K, used 131424K [0x00000007d6e00000, 0x00000007e7420000, 0x0000000800000000)
  eden space 126208K, 100% used [0x00000007d6e00000,0x00000007de940000,0x00000007de940000)
  from space 5248K, 99% used [0x00000007de940000,0x00000007dee58060,0x00000007dee60000)
  to   space 8000K, 0% used [0x00000007e6c50000,0x00000007e6c50000,0x00000007e7420000)
 ParOldGen       total 84224K, used 3799K [0x0000000784a00000, 0x0000000789c40000, 0x00000007d6e00000)
  object space 84224K, 4% used [0x0000000784a00000,0x0000000784db5d20,0x0000000789c40000)
 PSPermGen       total 22016K, used 21939K [0x000000077a400000, 0x000000077b980000, 0x0000000784a00000)
  object space 22016K, 99% used [0x000000077a400000,0x000000077b96cee0,0x000000077b980000)
Event: 3.124 GC heap after
Heap after GC invocations=6 (full 0):
 PSYoungGen      total 260352K, used 6467K [0x00000007d6e00000, 0x00000007e7440000, 0x0000000800000000)
  eden space 252352K, 0% used [0x00000007d6e00000,0x00000007d6e00000,0x00000007e6470000)
  from space 8000K, 80% used [0x00000007e6c50000,0x00000007e72a0ff0,0x00000007e7420000)
  to   space 8064K, 0% used [0x00000007e6470000,0x00000007e6470000,0x00000007e6c50000)
 ParOldGen       total 84224K, used 3807K [0x0000000784a00000, 0x0000000789c40000, 0x00000007d6e00000)
  object space 84224K, 4% used [0x0000000784a00000,0x0000000784db7d20,0x0000000789c40000)
 PSPermGen       total 22016K, used 21939K [0x000000077a400000, 0x000000077b980000, 0x0000000784a00000)
  object space 22016K, 99% used [0x000000077a400000,0x000000077b96cee0,0x000000077b980000)
}
Event: 4.410 GC heap before
{Heap before GC invocations=7 (full 0):
 PSYoungGen      total 260352K, used 258819K [0x00000007d6e00000, 0x00000007e7440000, 0x0000000800000000)
  eden space 252352K, 100% used [0x00000007d6e00000,0x00000007e6470000,0x00000007e6470000)
  from space 8000K, 80% used [0x00000007e6c50000,0x00000007e72a0ff0,0x00000007e7420000)
  to   space 8064K, 0% used [0x00000007e6470000,0x00000007e6470000,0x00000007e6c50000)
 ParOldGen       total 84224K, used 3807K [0x0000000784a00000, 0x0000000789c40000, 0x00000007d6e00000)
  object space 84224K, 4% used [0x0000000784a00000,0x0000000784db7d20,0x0000000789c40000)
 PSPermGen       total 24896K, used 24741K [0x000000077a400000, 0x000000077bc50000, 0x0000000784a00000)
  object space 24896K, 99% used [0x000000077a400000,0x000000077bc29780,0x000000077bc50000)
Event: 4.420 GC heap after
Heap after GC invocations=7 (full 0):
 PSYoungGen      total 260416K, used 8048K [0x00000007d6e00000, 0x00000007f6ea0000, 0x0000000800000000)
  eden space 252352K, 0% used [0x00000007d6e00000,0x00000007d6e00000,0x00000007e6470000)
  from space 8064K, 99% used [0x00000007e6470000,0x00000007e6c4c0d0,0x00000007e6c50000)
  to   space 10112K, 0% used [0x00000007f64c0000,0x00000007f64c0000,0x00000007f6ea0000)
 ParOldGen       total 84224K, used 6318K [0x0000000784a00000, 0x0000000789c40000, 0x00000007d6e00000)
  object space 84224K, 7% used [0x0000000784a00000,0x000000078502b968,0x0000000789c40000)
 PSPermGen       total 24896K, used 24741K [0x000000077a400000, 0x000000077bc50000, 0x0000000784a00000)
  object space 24896K, 99% used [0x000000077a400000,0x000000077bc29780,0x000000077bc50000)
}
Event: 4.697 GC heap before
{Heap before GC invocations=8 (full 0):
 PSYoungGen      total 260416K, used 260400K [0x00000007d6e00000, 0x00000007f6ea0000, 0x0000000800000000)
  eden space 252352K, 100% used [0x00000007d6e00000,0x00000007e6470000,0x00000007e6470000)
  from space 8064K, 99% used [0x00000007e6470000,0x00000007e6c4c0d0,0x00000007e6c50000)
  to   space 10112K, 0% used [0x00000007f64c0000,0x00000007f64c0000,0x00000007f6ea0000)
 ParOldGen       total 84224K, used 6318K [0x0000000784a00000, 0x0000000789c40000, 0x00000007d6e00000)
  object space 84224K, 7% used [0x0000000784a00000,0x000000078502b968,0x0000000789c40000)
 PSPermGen       total 24896K, used 24826K [0x000000077a400000, 0x000000077bc50000, 0x0000000784a00000)
  object space 24896K, 99% used [0x000000077a400000,0x000000077bc3e888,0x000000077bc50000)
Event: 4.704 GC heap after
Heap after GC invocations=8 (full 0):
 PSYoungGen      total 514304K, used 6976K [0x00000007d6e00000, 0x00000007f6e20000, 0x0000000800000000)
  eden space 504704K, 0% used [0x00000007d6e00000,0x00000007d6e00000,0x00000007f5ae0000)
  from space 9600K, 72% used [0x00000007f64c0000,0x00000007f6b90348,0x00000007f6e20000)
  to   space 9856K, 0% used [0x00000007f5ae0000,0x00000007f5ae0000,0x00000007f6480000)
 ParOldGen       total 84224K, used 7950K [0x0000000784a00000, 0x0000000789c40000, 0x00000007d6e00000)
  object space 84224K, 9% used [0x0000000784a00000,0x00000007851c3968,0x0000000789c40000)
 PSPermGen       total 24896K, used 24826K [0x000000077a400000, 0x000000077bc50000, 0x0000000784a00000)
  object space 24896K, 99% used [0x000000077a400000,0x000000077bc3e888,0x000000077bc50000)
}
Event: 5.422 GC heap before
{Heap before GC invocations=9 (full 0):
 PSYoungGen      total 514304K, used 511680K [0x00000007d6e00000, 0x00000007f6e20000, 0x0000000800000000)
  eden space 504704K, 100% used [0x00000007d6e00000,0x00000007f5ae0000,0x00000007f5ae0000)
  from space 9600K, 72% used [0x00000007f64c0000,0x00000007f6b90348,0x00000007f6e20000)
  to   space 9856K, 0% used [0x00000007f5ae0000,0x00000007f5ae0000,0x00000007f6480000)
 ParOldGen       total 84224K, used 7950K [0x0000000784a00000, 0x0000000789c40000, 0x00000007d6e00000)
  object space 84224K, 9% used [0x0000000784a00000,0x00000007851c3968,0x0000000789c40000)
 PSPermGen       total 25472K, used 25468K [0x000000077a400000, 0x000000077bce0000, 0x0000000784a00000)
  object space 25472K, 99% used [0x000000077a400000,0x000000077bcdf2a8,0x000000077bce0000)
Event: 5.433 GC heap after
Heap after GC invocations=9 (full 0):
 PSYoungGen      total 514560K, used 9851K [0x00000007d6e00000, 0x0000000800000000, 0x0000000800000000)
  eden space 504704K, 0% used [0x00000007d6e00000,0x00000007d6e00000,0x00000007f5ae0000)
  from space 9856K, 99% used [0x00000007f5ae0000,0x00000007f647ef70,0x00000007f6480000)
  to   space 11776K, 0% used [0x00000007ff480000,0x00000007ff480000,0x0000000800000000)
 ParOldGen       total 84224K, used 10236K [0x0000000784a00000, 0x0000000789c40000, 0x00000007d6e00000)
  object space 84224K, 12% used [0x0000000784a00000,0x00000007853ff018,0x0000000789c40000)
 PSPermGen       total 25472K, used 25468K [0x000000077a400000, 0x000000077bce0000, 0x0000000784a00000)
  object space 25472K, 99% used [0x000000077a400000,0x000000077bcdf2a8,0x000000077bce0000)
}
Event: 6.793 GC heap before
{Heap before GC invocations=10 (full 0):
 PSYoungGen      total 514560K, used 514555K [0x00000007d6e00000, 0x0000000800000000, 0x0000000800000000)
  eden space 504704K, 100% used [0x00000007d6e00000,0x00000007f5ae0000,0x00000007f5ae0000)
  from space 9856K, 99% used [0x00000007f5ae0000,0x00000007f647ef70,0x00000007f6480000)
  to   space 11776K, 0% used [0x00000007ff480000,0x00000007ff480000,0x0000000800000000)
 ParOldGen       total 84224K, used 10236K [0x0000000784a00000, 0x0000000789c40000, 0x00000007d6e00000)
  object space 84224K, 12% used [0x0000000784a00000,0x00000007853ff018,0x0000000789c40000)
 PSPermGen       total 29120K, used 28935K [0x000000077a400000, 0x000000077c070000, 0x0000000784a00000)
  object space 29120K, 99% used [0x000000077a400000,0x000000077c041dc8,0x000000077c070000)
Event: 6.809 GC heap after
Heap after GC invocations=10 (full 0):
 PSYoungGen      total 661120K, used 9728K [0x00000007d6e00000, 0x0000000800000000, 0x0000000800000000)
  eden space 649344K, 0% used [0x00000007d6e00000,0x00000007d6e00000,0x00000007fe820000)
  from space 11776K, 82% used [0x00000007ff480000,0x00000007ffe00000,0x0000000800000000)
  to   space 12224K, 0% used [0x00000007fe820000,0x00000007fe820000,0x00000007ff410000)
 ParOldGen       total 84224K, used 14795K [0x0000000784a00000, 0x0000000789c40000, 0x00000007d6e00000)
  object space 84224K, 17% used [0x0000000784a00000,0x0000000785872db0,0x0000000789c40000)
 PSPermGen       total 29120K, used 28935K [0x000000077a400000, 0x000000077c070000, 0x0000000784a00000)
  object space 29120K, 99% used [0x000000077a400000,0x000000077c041dc8,0x000000077c070000)
}

